<?xml version="1.0" encoding="UTF-8"?>
<!-- Generated by org.testng.reporters.JUnitReportReporter -->
<testsuite hostname="HW1484" name="com.MagicBricks.scenarios.MagentoAlertScenario" tests="1" failures="0" timestamp="16 Oct 2015 07:13:14 GMT" time="23.141" errors="0">
  <testcase name="TC_3" time="23.141" classname="com.MagicBricks.scenarios.MagentoAlertScenario"/>
</testsuite> <!-- com.MagicBricks.scenarios.MagentoAlertScenario -->
