<?xml version="1.0" encoding="UTF-8"?>
<!-- Generated by org.testng.reporters.JUnitReportReporter -->
<testsuite hostname="HW1179" name="com.MagicBricks.scenarios.TwitterLoginScenario" tests="1" failures="0" timestamp="2 Nov 2015 04:44:20 GMT" time="22.771" errors="0">
  <testcase name="TC_3_TwitterLogin" time="22.771" classname="com.MagicBricks.scenarios.TwitterLoginScenario"/>
</testsuite> <!-- com.MagicBricks.scenarios.TwitterLoginScenario -->
