<?xml version="1.0" encoding="UTF-8"?>
<!-- Generated by org.testng.reporters.JUnitReportReporter -->
<testsuite hostname="HW1179" name="com.MagicBricks.scenarios.BookFlightScenario" tests="1" failures="0" timestamp="20 Nov 2015 05:41:53 GMT" time="33.494" errors="0">
  <testcase name="TC_7_BookFlight" time="33.494" classname="com.MagicBricks.scenarios.BookFlightScenario"/>
</testsuite> <!-- com.MagicBricks.scenarios.BookFlightScenario -->
