<?xml version="1.0" encoding="UTF-8"?>
<!-- Generated by org.testng.reporters.JUnitReportReporter -->
<testsuite hostname="HW1179" name="com.MagicBricks.scenarios.IndigiLoginScenario" tests="1" failures="0" timestamp="20 Oct 2015 07:30:25 GMT" time="1.763" errors="0">
  <testcase name="TC_1_Login" time="1.763" classname="com.MagicBricks.scenarios.IndigiLoginScenario"/>
</testsuite> <!-- com.MagicBricks.scenarios.IndigiLoginScenario -->
