<?xml version="1.0" encoding="UTF-8"?>
<!-- Generated by org.testng.reporters.JUnitReportReporter -->
<testsuite hostname="HW1179" name="com.MagicBricks.scenarios.ScheduleFlightScenario" tests="1" failures="0" timestamp="2 Nov 2015 10:16:28 GMT" time="14.457" errors="0">
  <testcase name="TC_4_ScheduleFlights" time="14.457" classname="com.MagicBricks.scenarios.ScheduleFlightScenario"/>
</testsuite> <!-- com.MagicBricks.scenarios.ScheduleFlightScenario -->
