<?xml version="1.0" encoding="UTF-8"?>
<!-- Generated by org.testng.reporters.JUnitReportReporter -->
<testsuite hostname="HW1484" name="com.MagicBricks.scenarios.MagentoPriceScenario" tests="1" failures="0" timestamp="16 Oct 2015 07:13:14 GMT" time="10.803" errors="0">
  <testcase name="TC_2" time="10.803" classname="com.MagicBricks.scenarios.MagentoPriceScenario"/>
</testsuite> <!-- com.MagicBricks.scenarios.MagentoPriceScenario -->
