<?xml version="1.0" encoding="UTF-8"?>
<!-- Generated by org.testng.reporters.JUnitReportReporter -->
<testsuite hostname="HW1484" name="com.MagicBricks.scenarios.MagentoHomeScenario" tests="1" failures="0" timestamp="19 Oct 2015 05:07:09 GMT" time="18.256" errors="0">
  <testcase name="TC_1" time="18.256" classname="com.MagicBricks.scenarios.MagentoHomeScenario"/>
</testsuite> <!-- com.MagicBricks.scenarios.MagentoHomeScenario -->
