<?xml version="1.0" encoding="UTF-8"?>
<!-- Generated by org.testng.reporters.JUnitReportReporter -->
<testsuite hostname="HW1484" name="com.MagicBricks.scenarios.MagentoCompareScenario" tests="1" failures="0" timestamp="16 Oct 2015 07:13:14 GMT" time="17.227" errors="0">
  <testcase name="TC_4" time="17.227" classname="com.MagicBricks.scenarios.MagentoCompareScenario"/>
</testsuite> <!-- com.MagicBricks.scenarios.MagentoCompareScenario -->
