<?xml version="1.0" encoding="UTF-8"?>
<!-- Generated by org.testng.reporters.JUnitReportReporter -->
<testsuite hostname="HW1179" name="com.MagicBricks.scenarios.SearchFlightScenario" tests="1" failures="0" timestamp="9 Nov 2015 10:22:48 GMT" time="42.863" errors="0">
  <testcase name="TC_2_SearchFlight" time="42.863" classname="com.MagicBricks.scenarios.SearchFlightScenario"/>
</testsuite> <!-- com.MagicBricks.scenarios.SearchFlightScenario -->
