<?xml version="1.0" encoding="UTF-8"?>
<!-- Generated by org.testng.reporters.JUnitReportReporter -->
<testsuite hostname="HW1484" name="com.MagicBricks.scenarios.MagentoCreateAccountScenario" tests="1" failures="0" timestamp="16 Oct 2015 07:13:14 GMT" time="10.220" errors="0">
  <testcase name="TC_5" time="10.220" classname="com.MagicBricks.scenarios.MagentoCreateAccountScenario"/>
</testsuite> <!-- com.MagicBricks.scenarios.MagentoCreateAccountScenario -->
