<?xml version="1.0" encoding="UTF-8"?>
<!-- Generated by org.testng.reporters.JUnitReportReporter -->
<testsuite hostname="HW1179" name="com.MagicBricks.scenarios.IndigoBrokenLinkScenario" tests="1" failures="0" timestamp="13 Nov 2015 09:49:47 GMT" time="274.168" errors="0">
  <testcase name="TC_6_BrokenLinks" time="274.168" classname="com.MagicBricks.scenarios.IndigoBrokenLinkScenario"/>
</testsuite> <!-- com.MagicBricks.scenarios.IndigoBrokenLinkScenario -->
